0 verbose cli C:\Program Files\nodejs\node.exe C:\Program Files\nodejs\node_modules\npm\bin\npm-cli.js
1 info using npm@10.9.0
2 info using node@v22.12.0
3 silly config load:file:C:\Program Files\nodejs\node_modules\npm\npmrc
4 silly config load:file:E:\~\catering\.npmrc
5 silly config load:file:C:\Users\ACER\.npmrc
6 silly config load:file:C:\Users\ACER\AppData\Roaming\npm\etc\npmrc
7 verbose title npm install
8 verbose argv "install" "--cache" ".npm-cache"
9 verbose logfile logs-max:10 dir:E:\~\catering\.npm-cache\_logs\2026-05-10T05_30_08_089Z-
10 verbose logfile E:\~\catering\.npm-cache\_logs\2026-05-10T05_30_08_089Z-debug-0.log
11 silly logfile done cleaning log files
12 silly packumentCache heap:2197815296 maxSize:549453824 maxEntrySize:274726912
13 silly idealTree buildDeps
14 silly reify mark retired [ 'E:\\~\\catering\\node_modules\\lucide-react' ]
15 silly reify moves {
15 silly reify   'E:\\~\\catering\\node_modules\\lucide-react': 'E:\\~\\catering\\node_modules\\.lucide-react-CHTpkV60'
15 silly reify }
16 silly audit bulk request {
16 silly audit   '@alloc/quick-lru': [ '5.2.0' ],
16 silly audit   '@jridgewell/gen-mapping': [ '0.3.13' ],
16 silly audit   '@jridgewell/resolve-uri': [ '3.1.2' ],
16 silly audit   '@jridgewell/sourcemap-codec': [ '1.5.5' ],
16 silly audit   '@jridgewell/trace-mapping': [ '0.3.31' ],
16 silly audit   '@next/env': [ '14.2.35' ],
16 silly audit   '@next/swc-darwin-arm64': [ '14.2.33' ],
16 silly audit   '@next/swc-darwin-x64': [ '14.2.33' ],
16 silly audit   '@next/swc-linux-arm64-gnu': [ '14.2.33' ],
16 silly audit   '@next/swc-linux-arm64-musl': [ '14.2.33' ],
16 silly audit   '@next/swc-linux-x64-gnu': [ '14.2.33' ],
16 silly audit   '@next/swc-linux-x64-musl': [ '14.2.33' ],
16 silly audit   '@next/swc-win32-arm64-msvc': [ '14.2.33' ],
16 silly audit   '@next/swc-win32-ia32-msvc': [ '14.2.33' ],
16 silly audit   '@next/swc-win32-x64-msvc': [ '14.2.33' ],
16 silly audit   '@nodelib/fs.scandir': [ '2.1.5' ],
16 silly audit   '@nodelib/fs.stat': [ '2.0.5' ],
16 silly audit   '@nodelib/fs.walk': [ '1.2.8' ],
16 silly audit   '@swc/counter': [ '0.1.3' ],
16 silly audit   '@swc/helpers': [ '0.5.5' ],
16 silly audit   '@types/node': [ '25.6.2' ],
16 silly audit   '@types/react': [ '19.2.14' ],
16 silly audit   'any-promise': [ '1.3.0' ],
16 silly audit   anymatch: [ '3.1.3' ],
16 silly audit   arg: [ '5.0.2' ],
16 silly audit   autoprefixer: [ '10.5.0' ],
16 silly audit   'baseline-browser-mapping': [ '2.10.29' ],
16 silly audit   'binary-extensions': [ '2.3.0' ],
16 silly audit   braces: [ '3.0.3' ],
16 silly audit   browserslist: [ '4.28.2' ],
16 silly audit   busboy: [ '1.6.0' ],
16 silly audit   'camelcase-css': [ '2.0.1' ],
16 silly audit   'caniuse-lite': [ '1.0.30001792' ],
16 silly audit   chokidar: [ '3.6.0' ],
16 silly audit   'glob-parent': [ '5.1.2', '6.0.2' ],
16 silly audit   'client-only': [ '0.0.1' ],
16 silly audit   commander: [ '4.1.1' ],
16 silly audit   cssesc: [ '3.0.0' ],
16 silly audit   csstype: [ '3.2.3' ],
16 silly audit   didyoumean: [ '1.2.2' ],
16 silly audit   dlv: [ '1.1.3' ],
16 silly audit   'electron-to-chromium': [ '1.5.353' ],
16 silly audit   'es-errors': [ '1.3.0' ],
16 silly audit   escalade: [ '3.2.0' ],
16 silly audit   'fast-glob': [ '3.3.3' ],
16 silly audit   fastq: [ '1.20.1' ],
16 silly audit   'fill-range': [ '7.1.1' ],
16 silly audit   'fraction.js': [ '5.3.4' ],
16 silly audit   'framer-motion': [ '12.38.0' ],
16 silly audit   fsevents: [ '2.3.3' ],
16 silly audit   'function-bind': [ '1.1.2' ],
16 silly audit   'graceful-fs': [ '4.2.11' ],
16 silly audit   hasown: [ '2.0.3' ],
16 silly audit   'is-binary-path': [ '2.1.0' ],
16 silly audit   'is-core-module': [ '2.16.2' ],
16 silly audit   'is-extglob': [ '2.1.1' ],
16 silly audit   'is-glob': [ '4.0.3' ],
16 silly audit   'is-number': [ '7.0.0' ],
16 silly audit   jiti: [ '1.21.7' ],
16 silly audit   'js-tokens': [ '4.0.0' ],
16 silly audit   lilconfig: [ '3.1.3' ],
16 silly audit   'lines-and-columns': [ '1.2.4' ],
16 silly audit   'loose-envify': [ '1.4.0' ],
16 silly audit   merge2: [ '1.4.1' ],
16 silly audit   micromatch: [ '4.0.8' ],
16 silly audit   'motion-dom': [ '12.38.0' ],
16 silly audit   'motion-utils': [ '12.36.0' ],
16 silly audit   mz: [ '2.7.0' ],
16 silly audit   nanoid: [ '3.3.12' ],
16 silly audit   next: [ '14.2.35' ],
16 silly audit   postcss: [ '8.4.31', '8.5.14' ],
16 silly audit   'node-releases': [ '2.0.38' ],
16 silly audit   'normalize-path': [ '3.0.0' ],
16 silly audit   'object-assign': [ '4.1.1' ],
16 silly audit   'object-hash': [ '3.0.0' ],
16 silly audit   'path-parse': [ '1.0.7' ],
16 silly audit   picocolors: [ '1.1.1' ],
16 silly audit   picomatch: [ '2.3.2', '4.0.4' ],
16 silly audit   pify: [ '2.3.0' ],
16 silly audit   pirates: [ '4.0.7' ],
16 silly audit   'postcss-import': [ '15.1.0' ],
16 silly audit   'postcss-js': [ '4.1.0' ],
16 silly audit   'postcss-load-config': [ '6.0.1' ],
16 silly audit   'postcss-nested': [ '6.2.0' ],
16 silly audit   'postcss-selector-parser': [ '6.1.2' ],
16 silly audit   'postcss-value-parser': [ '4.2.0' ],
16 silly audit   'queue-microtask': [ '1.2.3' ],
16 silly audit   react: [ '18.3.1' ],
16 silly audit   'react-dom': [ '18.3.1' ],
16 silly audit   'read-cache': [ '1.0.0' ],
16 silly audit   readdirp: [ '3.6.0' ],
16 silly audit   resolve: [ '1.22.12' ],
16 silly audit   reusify: [ '1.1.0' ],
16 silly audit   'run-parallel': [ '1.2.0' ],
16 silly audit   scheduler: [ '0.23.2' ],
16 silly audit   'source-map-js': [ '1.2.1' ],
16 silly audit   streamsearch: [ '1.1.0' ],
16 silly audit   'styled-jsx': [ '5.1.1' ],
16 silly audit   sucrase: [ '3.35.1' ],
16 silly audit   'supports-preserve-symlinks-flag': [ '1.0.0' ],
16 silly audit   tailwindcss: [ '3.4.19' ],
16 silly audit   thenify: [ '3.3.1' ],
16 silly audit   'thenify-all': [ '1.6.0' ],
16 silly audit   tinyglobby: [ '0.2.16' ],
16 silly audit   fdir: [ '6.5.0' ],
16 silly audit   'to-regex-range': [ '5.0.1' ],
16 silly audit   'ts-interface-checker': [ '0.1.13' ],
16 silly audit   tslib: [ '2.8.1' ],
16 silly audit   typescript: [ '5.9.3' ],
16 silly audit   'undici-types': [ '7.19.2' ],
16 silly audit   'update-browserslist-db': [ '1.2.3' ],
16 silly audit   'util-deprecate': [ '1.0.2' ]
16 silly audit }
17 verbose reify failed optional dependency E:\~\catering\node_modules\fsevents
18 silly reify mark deleted [ 'E:\\~\\catering\\node_modules\\fsevents' ]
19 verbose reify failed optional dependency E:\~\catering\node_modules\@next\swc-win32-ia32-msvc
20 silly reify mark deleted [ 'E:\\~\\catering\\node_modules\\@next\\swc-win32-ia32-msvc' ]
21 verbose reify failed optional dependency E:\~\catering\node_modules\@next\swc-win32-arm64-msvc
22 silly reify mark deleted [ 'E:\\~\\catering\\node_modules\\@next\\swc-win32-arm64-msvc' ]
23 verbose reify failed optional dependency E:\~\catering\node_modules\@next\swc-linux-x64-musl
24 silly reify mark deleted [ 'E:\\~\\catering\\node_modules\\@next\\swc-linux-x64-musl' ]
25 verbose reify failed optional dependency E:\~\catering\node_modules\@next\swc-linux-x64-gnu
26 silly reify mark deleted [ 'E:\\~\\catering\\node_modules\\@next\\swc-linux-x64-gnu' ]
27 verbose reify failed optional dependency E:\~\catering\node_modules\@next\swc-linux-arm64-musl
28 silly reify mark deleted [ 'E:\\~\\catering\\node_modules\\@next\\swc-linux-arm64-musl' ]
29 verbose reify failed optional dependency E:\~\catering\node_modules\@next\swc-linux-arm64-gnu
30 silly reify mark deleted [ 'E:\\~\\catering\\node_modules\\@next\\swc-linux-arm64-gnu' ]
31 verbose reify failed optional dependency E:\~\catering\node_modules\@next\swc-darwin-x64
32 silly reify mark deleted [ 'E:\\~\\catering\\node_modules\\@next\\swc-darwin-x64' ]
33 verbose reify failed optional dependency E:\~\catering\node_modules\@next\swc-darwin-arm64
34 silly reify mark deleted [ 'E:\\~\\catering\\node_modules\\@next\\swc-darwin-arm64' ]
35 silly audit bulk request failed undefined
36 verbose audit error FetchError: request to https://registry.npmjs.org/-/npm/v1/security/audits/quick failed, reason: connect EACCES 104.16.1.34:443
36 verbose audit error     at ClientRequest.<anonymous> (C:\Program Files\nodejs\node_modules\npm\node_modules\minipass-fetch\lib\index.js:130:14)
36 verbose audit error     at ClientRequest.emit (node:events:524:28)
36 verbose audit error     at emitErrorEvent (node:_http_client:104:11)
36 verbose audit error     at _destroy (node:_http_client:892:9)
36 verbose audit error     at onSocketNT (node:_http_client:912:5)
36 verbose audit error     at process.processTicksAndRejections (node:internal/process/task_queues:91:21) {
36 verbose audit error   code: 'EACCES',
36 verbose audit error   errno: 'EACCES',
36 verbose audit error   syscall: 'connect',
36 verbose audit error   address: '104.16.1.34',
36 verbose audit error   port: 443,
36 verbose audit error   type: 'system'
36 verbose audit error }
37 silly audit error undefined
38 silly audit report null
39 silly ADD
40 silly ADD
41 silly ADD
42 silly ADD
43 silly ADD
44 silly ADD
45 silly ADD
46 silly ADD
47 silly ADD
48 silly REMOVE node_modules/lucide-react
49 verbose cwd E:\~\catering
50 verbose os Windows_NT 10.0.26200
51 verbose node v22.12.0
52 verbose npm  v10.9.0
53 verbose exit 0
54 info ok
